Removed Pin From Net: NetName=INT_N Pin=Q3-2
Removed Pin From Net: NetName=ETH_INTB Pin=Q3-3
Removed Pin From Net: NetName=ETH_RST Pin=Q4-2
Removed Pin From Net: NetName=RESET_N Pin=Q4-3
Removed Pin From Net: NetName=+1.8V Pin=R41-1
Removed Pin From Net: NetName=ETH_INTB Pin=R41-2
Removed Pin From Net: NetName=+1.8V Pin=R46-1
Removed Pin From Net: NetName=+1.8V Pin=R47-1
Removed Pin From Net: NetName=MDI3P Pin=TP5-1
Removed Pin From Net: NetName=MDI3N Pin=TP6-1
Removed Pin From Net: NetName=MDI2P Pin=TP7-1
Removed Pin From Net: NetName=MDI2N Pin=TP8-1
Change Component DesignItemId : Designator=R41 Old DesignItemId=10K New DesignItemId=2K
Change Component Comment : Designator=R41 Old Comment=10K New Comment=2K
Added Component: Designator=C39(CS-1005)
Added Component: Designator=C40(CS-1005)
Added Component: Designator=C41(CS-1005)
Added Component: Designator=C42(CS-1005)
Added Pin To Net: NetName=MDI2P Pin=C39-1
Added Pin To Net: NetName=GND Pin=C39-2
Added Pin To Net: NetName=MDI2N Pin=C40-1
Added Pin To Net: NetName=GND Pin=C40-2
Added Pin To Net: NetName=MDI3P Pin=C41-1
Added Pin To Net: NetName=GND Pin=C41-2
Added Pin To Net: NetName=MDI3N Pin=C42-1
Added Pin To Net: NetName=GND Pin=C42-2
Added Pin To Net: NetName=+1.8V Pin=R41-2
Added Pin To Net: NetName=INT_N Pin=R46-1
Added Pin To Net: NetName=+3.3V Pin=R46-2
Added Pin To Net: NetName=N21833189 Pin=R41-1
Added Net: Name=N21833189
