Added Component: Designator=BAT1(BAT-CN048S)
Add component. Clean all parameters for all variants
Added Component: Designator=BC1(CS-1005)
Add component. Clean all parameters for all variants
Added Component: Designator=BC2(CS-1608)
Add component. Clean all parameters for all variants
Added Component: Designator=BC3(CS-1608)
Add component. Clean all parameters for all variants
Added Component: Designator=BC4(CS-1005)
Add component. Clean all parameters for all variants
Added Component: Designator=BC5(CS-1005)
Add component. Clean all parameters for all variants
Added Component: Designator=BC6(CS-1608)
Add component. Clean all parameters for all variants
Added Component: Designator=BC7(CS-1608)
Add component. Clean all parameters for all variants
Added Component: Designator=BC8(CS-1005)
Add component. Clean all parameters for all variants
Added Component: Designator=BC9(CS-1005)
Add component. Clean all parameters for all variants
Added Component: Designator=BC10(CS-1005)
Add component. Clean all parameters for all variants
Added Component: Designator=BC11(CS-1608)
Add component. Clean all parameters for all variants
Added Component: Designator=BC12(CS-1005)
Add component. Clean all parameters for all variants
Added Component: Designator=BC13(CS-1005)
Add component. Clean all parameters for all variants
Added Component: Designator=BC14(CS-1005)
Add component. Clean all parameters for all variants
Added Component: Designator=BC15(CS-1005)
Add component. Clean all parameters for all variants
Added Component: Designator=BC16(CS-1005)
Add component. Clean all parameters for all variants
Added Component: Designator=BC17(CS-1608)
Add component. Clean all parameters for all variants
Added Component: Designator=BC18(CS-1005)
Add component. Clean all parameters for all variants
Added Component: Designator=BC19(CTS-3216)
Add component. Clean all parameters for all variants
Added Component: Designator=BC20(CS-1005)
Add component. Clean all parameters for all variants
Added Component: Designator=BC21(CS-1005)
Add component. Clean all parameters for all variants
Added Component: Designator=BC24(CS-1005)
Add component. Clean all parameters for all variants
Added Component: Designator=BC25(CS-1005)
Add component. Clean all parameters for all variants
Added Component: Designator=BC26(CS-1005)
Add component. Clean all parameters for all variants
Added Component: Designator=BC27(CS-1005)
Add component. Clean all parameters for all variants
Added Component: Designator=BC28(CS-1608)
Add component. Clean all parameters for all variants
Added Component: Designator=BC29(CS-1608)
Add component. Clean all parameters for all variants
Added Component: Designator=C1(CS-1005)
Add component. Clean all parameters for all variants
Added Component: Designator=C2(CS-1005)
Add component. Clean all parameters for all variants
Added Component: Designator=C3(CS-1005)
Add component. Clean all parameters for all variants
Added Component: Designator=C4(CS-2012)
Add component. Clean all parameters for all variants
Added Component: Designator=C6(CS-1005)
Add component. Clean all parameters for all variants
Added Component: Designator=C7(CS-2012)
Add component. Clean all parameters for all variants
Added Component: Designator=C8(CS-2012)
Add component. Clean all parameters for all variants
Added Component: Designator=C9(CS-1005)
Add component. Clean all parameters for all variants
Added Component: Designator=C10(CS-1005)
Add component. Clean all parameters for all variants
Added Component: Designator=C17(CS-1005)
Add component. Clean all parameters for all variants
Added Component: Designator=C18(CS-1005)
Add component. Clean all parameters for all variants
Added Component: Designator=C19(CS-1005)
Add component. Clean all parameters for all variants
Added Component: Designator=C20(CS-1005)
Add component. Clean all parameters for all variants
Added Component: Designator=C21(CS-1005)
Add component. Clean all parameters for all variants
Added Component: Designator=C22(CS-1005)
Add component. Clean all parameters for all variants
Added Component: Designator=C23(CS-1005)
Add component. Clean all parameters for all variants
Added Component: Designator=C24(CS-1005)
Add component. Clean all parameters for all variants
Added Component: Designator=C25(CS-1005)
Add component. Clean all parameters for all variants
Added Component: Designator=C26(CS-1005)
Add component. Clean all parameters for all variants
Added Component: Designator=C27(CS-1005)
Add component. Clean all parameters for all variants
Added Component: Designator=C28(CS-1005)
Add component. Clean all parameters for all variants
Added Component: Designator=C31(CS-1005)
Add component. Clean all parameters for all variants
Added Component: Designator=C32(CS-1005)
Add component. Clean all parameters for all variants
Added Component: Designator=C33(C3216)
Add component. Clean all parameters for all variants
Added Component: Designator=C34(CS-1005)
Add component. Clean all parameters for all variants
Added Component: Designator=C35(CS-1005)
Add component. Clean all parameters for all variants
Added Component: Designator=C36(CS-1608)
Add component. Clean all parameters for all variants
Added Component: Designator=C38(CS-2012)
Add component. Clean all parameters for all variants
Added Component: Designator=D2(SOD-106)
Add component. Clean all parameters for all variants
Added Component: Designator=D3(SOT-23)
Add component. Clean all parameters for all variants
Added Component: Designator=D4(PowerDI123)
Add component. Clean all parameters for all variants
Added Component: Designator=D5(SOD-106)
Add component. Clean all parameters for all variants
Added Component: Designator=FB1(LS-1608)
Add component. Clean all parameters for all variants
Added Component: Designator=FB2(LS-1608)
Add component. Clean all parameters for all variants
Added Component: Designator=FB3(LS-1608)
Add component. Clean all parameters for all variants
Added Component: Designator=FB4(LS-1608)
Add component. Clean all parameters for all variants
Added Component: Designator=FB6(LS-1608)
Add component. Clean all parameters for all variants
Added Component: Designator=FB7(LS-1608)
Add component. Clean all parameters for all variants
Added Component: Designator=FB8(LS-1608)
Add component. Clean all parameters for all variants
Added Component: Designator=FB9(LS-1608)
Add component. Clean all parameters for all variants
Added Component: Designator=FB10(LS-1608)
Add component. Clean all parameters for all variants
Added Component: Designator=J3(12505WR-8P)
Add component. Clean all parameters for all variants
Added Component: Designator=J4(PH-2PSM)
Add component. Clean all parameters for all variants
Added Component: Designator=J5(12505WS-4P)
Add component. Clean all parameters for all variants
Added Component: Designator=J6(TP_HEADER_6)
Add component. Clean all parameters for all variants
Added Component: Designator=J7(LENS_HOLDER_C_SQUARE)
Add component. Clean all parameters for all variants
Added Component: Designator=J10(CON_u-SD)
Add component. Clean all parameters for all variants
Added Component: Designator=L1(CDRH73)
Add component. Clean all parameters for all variants
Added Component: Designator=L2(CDRH2D14NP)
Add component. Clean all parameters for all variants
Added Component: Designator=L4(CDRH2D14NP)
Add component. Clean all parameters for all variants
Added Component: Designator=L5(LS-2012)
Add component. Clean all parameters for all variants
Added Component: Designator=L6(CDRH2D14NP)
Add component. Clean all parameters for all variants
Added Component: Designator=LD1(LED-3030)
Add component. Clean all parameters for all variants
Added Component: Designator=LD2(LED-3030)
Add component. Clean all parameters for all variants
Added Component: Designator=LD3(LED-3030)
Add component. Clean all parameters for all variants
Added Component: Designator=LD4(LED-3030)
Add component. Clean all parameters for all variants
Added Component: Designator=MH1(VA-2.2)
Add component. Clean all parameters for all variants
Added Component: Designator=MH2(VA-2.2)
Add component. Clean all parameters for all variants
Added Component: Designator=MH3(VA-2.2)
Add component. Clean all parameters for all variants
Added Component: Designator=MH4(VA-2.2)
Add component. Clean all parameters for all variants
Added Component: Designator=MH5(VA-2.2)
Add component. Clean all parameters for all variants
Added Component: Designator=MH6(VA-2.2)
Add component. Clean all parameters for all variants
Added Component: Designator=MH7(VA-2.2)
Add component. Clean all parameters for all variants
Added Component: Designator=MH8(VA-2.2)
Add component. Clean all parameters for all variants
Added Component: Designator=OSC1(SX-32)
Add component. Clean all parameters for all variants
Added Component: Designator=Q1(SOT-23)
Add component. Clean all parameters for all variants
Added Component: Designator=Q2(SOT-23)
Add component. Clean all parameters for all variants
Added Component: Designator=Q3(SOT-23)
Add component. Clean all parameters for all variants
Added Component: Designator=Q4(SOT-23)
Add component. Clean all parameters for all variants
Added Component: Designator=R1(RS-1005)
Add component. Clean all parameters for all variants
Added Component: Designator=R2(RS-1005)
Add component. Clean all parameters for all variants
Added Component: Designator=R3(RS-1005)
Add component. Clean all parameters for all variants
Added Component: Designator=R4(RS-1005)
Add component. Clean all parameters for all variants
Added Component: Designator=R5(RS-1005)
Add component. Clean all parameters for all variants
Added Component: Designator=R6(RS-1005)
Add component. Clean all parameters for all variants
Added Component: Designator=R7(RS-1005)
Add component. Clean all parameters for all variants
Added Component: Designator=R8(RS-1005)
Add component. Clean all parameters for all variants
Added Component: Designator=R9(RS-1005)
Add component. Clean all parameters for all variants
Added Component: Designator=R10(RS-1005)
Add component. Clean all parameters for all variants
Added Component: Designator=R11(RS-1005)
Add component. Clean all parameters for all variants
Added Component: Designator=R12(RS-1005)
Add component. Clean all parameters for all variants
Added Component: Designator=R13(RS-1005)
Add component. Clean all parameters for all variants
Added Component: Designator=R14(RS-1005)
Add component. Clean all parameters for all variants
Added Component: Designator=R15(RS-1005)
Add component. Clean all parameters for all variants
Added Component: Designator=R16(RS-1005)
Add component. Clean all parameters for all variants
Added Component: Designator=R27(RS-1005)
Add component. Clean all parameters for all variants
Added Component: Designator=R28(RS-1005)
Add component. Clean all parameters for all variants
Added Component: Designator=R29(RS-1005)
Add component. Clean all parameters for all variants
Added Component: Designator=R30(RS-1005)
Add component. Clean all parameters for all variants
Added Component: Designator=R31(RS-1005)
Add component. Clean all parameters for all variants
Added Component: Designator=R32(RS-1005)
Add component. Clean all parameters for all variants
Added Component: Designator=R34(RS-1005)
Add component. Clean all parameters for all variants
Added Component: Designator=R36(RS-1005)
Add component. Clean all parameters for all variants
Added Component: Designator=R38(RS-1005)
Add component. Clean all parameters for all variants
Added Component: Designator=R41(RS-1005)
Add component. Clean all parameters for all variants
Added Component: Designator=R42(RS-1005)
Add component. Clean all parameters for all variants
Added Component: Designator=R44(RS-1005)
Add component. Clean all parameters for all variants
Added Component: Designator=R46(RS-1005)
Add component. Clean all parameters for all variants
Added Component: Designator=R47(RS-1005)
Add component. Clean all parameters for all variants
Added Component: Designator=R48(RS-1005)
Add component. Clean all parameters for all variants
Added Component: Designator=R49(RS-1005)
Add component. Clean all parameters for all variants
Added Component: Designator=R50(RS-1005)
Add component. Clean all parameters for all variants
Added Component: Designator=R51(RS-1005)
Add component. Clean all parameters for all variants
Added Component: Designator=R52(RS-1005)
Add component. Clean all parameters for all variants
Added Component: Designator=R53(RS-1005)
Add component. Clean all parameters for all variants
Added Component: Designator=R54(RS-1005)
Add component. Clean all parameters for all variants
Added Component: Designator=R55(RS-1005)
Add component. Clean all parameters for all variants
Added Component: Designator=R56(RS-1005)
Add component. Clean all parameters for all variants
Added Component: Designator=R57(RS-1005)
Add component. Clean all parameters for all variants
Added Component: Designator=R58(RS-1005)
Add component. Clean all parameters for all variants
Added Component: Designator=R61(RS-1005)
Add component. Clean all parameters for all variants
Added Component: Designator=R66(RS-1005)
Add component. Clean all parameters for all variants
Added Component: Designator=R67(RS-1005)
Add component. Clean all parameters for all variants
Added Component: Designator=R68(RS-1608)
Add component. Clean all parameters for all variants
Added Component: Designator=R70(RS-1005)
Add component. Clean all parameters for all variants
Added Component: Designator=R71(RS-1005)
Add component. Clean all parameters for all variants
Added Component: Designator=R72(RS-1005)
Add component. Clean all parameters for all variants
Added Component: Designator=R73(RS-1005)
Add component. Clean all parameters for all variants
Added Component: Designator=R74(RS-1005)
Add component. Clean all parameters for all variants
Added Component: Designator=R75(RS-1005)
Add component. Clean all parameters for all variants
Added Component: Designator=R76(RS-1005)
Add component. Clean all parameters for all variants
Added Component: Designator=R77(RS-1005)
Add component. Clean all parameters for all variants
Added Component: Designator=R78(RS-1005)
Add component. Clean all parameters for all variants
Added Component: Designator=T1(TRC41604NL)
Add component. Clean all parameters for all variants
Added Component: Designator=TP1(TP_0.8_SMD)
Add component. Clean all parameters for all variants
Added Component: Designator=TP2(TP_0.8_SMD)
Add component. Clean all parameters for all variants
Added Component: Designator=TP3(TP_0.8_SMD)
Add component. Clean all parameters for all variants
Added Component: Designator=TP4(TP_0.8_SMD)
Add component. Clean all parameters for all variants
Added Component: Designator=TP5(TP_0.8_SMD)
Add component. Clean all parameters for all variants
Added Component: Designator=TP6(TP_0.8_SMD)
Add component. Clean all parameters for all variants
Added Component: Designator=TP7(TP_0.8_SMD)
Add component. Clean all parameters for all variants
Added Component: Designator=TP8(TP_0.8_SMD)
Add component. Clean all parameters for all variants
Added Component: Designator=TP9(TP_0.8_SMD)
Add component. Clean all parameters for all variants
Added Component: Designator=TVS1(SOD-523)
Add component. Clean all parameters for all variants
Added Component: Designator=TVS2(SOD-523)
Add component. Clean all parameters for all variants
Added Component: Designator=U1(SOT-23-5P)
Add component. Clean all parameters for all variants
Added Component: Designator=U2(SOIC-8E)
Add component. Clean all parameters for all variants
Added Component: Designator=U4(QFN48_6x6)
Add component. Clean all parameters for all variants
Added Component: Designator=U8(SOT-23-5P)
Add component. Clean all parameters for all variants
Added Component: Designator=U11(SOT-23-5P)
Add component. Clean all parameters for all variants
Added Component: Designator=U12(SOT23-6)
Add component. Clean all parameters for all variants
Added Component: Designator=U16(TSSOP8-M)
Add component. Clean all parameters for all variants
Added Component: Designator=U17(IMX219PLCC)
Add component. Clean all parameters for all variants
Added Component: Designator=U18(SOT-23-5P)
Add component. Clean all parameters for all variants
Added Component: Designator=Y1(SX-32)
Add component. Clean all parameters for all variants
Added Component: Designator=Y2(XTS-MC-146)
Add component. Clean all parameters for all variants
